# JRE version: Java(TM) SE Runtime Environment (17.0.12+8) (build 17.0.12+8-LTS-286)
# Java VM: Java HotSpot(TM) 64-Bit Server VM (17.0.12+8-LTS-286, mixed mode, emulated-client, sharing, tiered, compressed oops, compressed class ptrs, g1 gc, windows-amd64)
GC Precious Log:
 CPUs: 4 total, 4 available
 Memory: 10182M
 Large Page Support: Disabled
 NUMA Support: Disabled
 Compressed Oops: Enabled (Zero based)
 Heap Region Size: 2M
 Heap Min Capacity: 8M
 Heap Initial Capacity: 160M
 Heap Max Capacity: 2546M
 Pre-touch: Disabled
 Parallel Workers: 4
 Concurrent Workers: 1
 Concurrent Refinement Workers: 4
 Periodic GC: Disabled
Heap:
 garbage-first heap   total 73728K, used 35688K [0x0000000760e00000, 0x0000000800000000)
  region size 2048K, 11 young (22528K), 2 survivors (4096K)
 Metaspace       used 42836K, committed 43328K, reserved 1114112K
  class space    used 5965K, committed 6208K, reserved 1048576K
GC Heap History (16 events):
Event: 1.154 GC heap before
{Heap before GC invocations=0 (full 0):
 garbage-first heap   total 163840K, used 12288K [0x0000000760e00000, 0x0000000800000000)
  region size 2048K, 6 young (12288K), 0 survivors (0K)
 Metaspace       used 4329K, committed 4544K, reserved 1114112K
  class space    used 536K, committed 640K, reserved 1048576K
}
Event: 1.161 GC heap after
{Heap after GC invocations=1 (full 0):
 garbage-first heap   total 163840K, used 6929K [0x0000000760e00000, 0x0000000800000000)
  region size 2048K, 1 young (2048K), 1 survivors (2048K)
 Metaspace       used 4329K, committed 4544K, reserved 1114112K
  class space    used 536K, committed 640K, reserved 1048576K
}
Event: 1.430 GC heap before
{Heap before GC invocations=1 (full 0):
 garbage-first heap   total 163840K, used 13073K [0x0000000760e00000, 0x0000000800000000)
  region size 2048K, 4 young (8192K), 1 survivors (2048K)
 Metaspace       used 6224K, committed 6336K, reserved 1114112K
  class space    used 778K, committed 832K, reserved 1048576K
}
Event: 1.433 GC heap after
{Heap after GC invocations=2 (full 0):
 garbage-first heap   total 163840K, used 7877K [0x0000000760e00000, 0x0000000800000000)
  region size 2048K, 1 young (2048K), 1 survivors (2048K)
 Metaspace       used 6224K, committed 6336K, reserved 1114112K
  class space    used 778K, committed 832K, reserved 1048576K
}
Event: 2.110 GC heap before
{Heap before GC invocations=2 (full 0):
 garbage-first heap   total 163840K, used 30405K [0x0000000760e00000, 0x0000000800000000)
  region size 2048K, 12 young (24576K), 1 survivors (2048K)
 Metaspace       used 11148K, committed 11520K, reserved 1114112K
  class space    used 1544K, committed 1728K, reserved 1048576K
}
Event: 2.115 GC heap after
{Heap after GC invocations=3 (full 0):
 garbage-first heap   total 163840K, used 9701K [0x0000000760e00000, 0x0000000800000000)
  region size 2048K, 2 young (4096K), 2 survivors (4096K)
 Metaspace       used 11148K, committed 11520K, reserved 1114112K
  class space    used 1544K, committed 1728K, reserved 1048576K
}
Event: 3.362 GC heap before
{Heap before GC invocations=3 (full 0):
 garbage-first heap   total 163840K, used 64997K [0x0000000760e00000, 0x0000000800000000)
  region size 2048K, 31 young (63488K), 2 survivors (4096K)
 Metaspace       used 21102K, committed 21504K, reserved 1114112K
  class space    used 2850K, committed 3072K, reserved 1048576K
}
Event: 3.374 GC heap after
{Heap after GC invocations=4 (full 0):
 garbage-first heap   total 163840K, used 14019K [0x0000000760e00000, 0x0000000800000000)
  region size 2048K, 4 young (8192K), 4 survivors (8192K)
 Metaspace       used 21102K, committed 21504K, reserved 1114112K
  class space    used 2850K, committed 3072K, reserved 1048576K
}
Event: 4.447 GC heap before
{Heap before GC invocations=5 (full 0):
 garbage-first heap   total 61440K, used 44739K [0x0000000760e00000, 0x0000000800000000)
  region size 2048K, 20 young (40960K), 4 survivors (8192K)
 Metaspace       used 25799K, committed 26240K, reserved 1114112K
  class space    used 3637K, committed 3840K, reserved 1048576K
}
Event: 4.467 GC heap after
{Heap after GC invocations=6 (full 0):
 garbage-first heap   total 61440K, used 17121K [0x0000000760e00000, 0x0000000800000000)
  region size 2048K, 5 young (10240K), 5 survivors (10240K)
 Metaspace       used 25799K, committed 26240K, reserved 1114112K
  class space    used 3637K, committed 3840K, reserved 1048576K
}
Event: 5.197 GC heap before
{Heap before GC invocations=6 (full 0):
 garbage-first heap   total 61440K, used 39649K [0x0000000760e00000, 0x0000000800000000)
  region size 2048K, 16 young (32768K), 5 survivors (10240K)
 Metaspace       used 29607K, committed 30016K, reserved 1114112K
  class space    used 4097K, committed 4288K, reserved 1048576K
}
Event: 5.208 GC heap after
{Heap after GC invocations=7 (full 0):
 garbage-first heap   total 61440K, used 18530K [0x0000000760e00000, 0x0000000800000000)
  region size 2048K, 1 young (2048K), 1 survivors (2048K)
 Metaspace       used 29607K, committed 30016K, reserved 1114112K
  class space    used 4097K, committed 4288K, reserved 1048576K
}
Event: 5.861 GC heap before
{Heap before GC invocations=7 (full 0):
 garbage-first heap   total 61440K, used 43106K [0x0000000760e00000, 0x0000000800000000)
  region size 2048K, 13 young (26624K), 1 survivors (2048K)
 Metaspace       used 35110K, committed 35584K, reserved 1114112K
  class space    used 5024K, committed 5248K, reserved 1048576K
}
Event: 5.865 GC heap after
{Heap after GC invocations=8 (full 0):
 garbage-first heap   total 73728K, used 19285K [0x0000000760e00000, 0x0000000800000000)
  region size 2048K, 2 young (4096K), 2 survivors (4096K)
 Metaspace       used 35110K, committed 35584K, reserved 1114112K
  class space    used 5024K, committed 5248K, reserved 1048576K
}
Event: 5.919 GC heap before
{Heap before GC invocations=8 (full 0):
 garbage-first heap   total 73728K, used 19285K [0x0000000760e00000, 0x0000000800000000)
  region size 2048K, 3 young (6144K), 2 survivors (4096K)
 Metaspace       used 35533K, committed 35968K, reserved 1114112K
  class space    used 5081K, committed 5312K, reserved 1048576K
}
Event: 5.922 GC heap after
{Heap after GC invocations=9 (full 0):
 garbage-first heap   total 73728K, used 19304K [0x0000000760e00000, 0x0000000800000000)
  region size 2048K, 2 young (4096K), 2 survivors (4096K)
 Metaspace       used 35533K, committed 35968K, reserved 1114112K
  class space    used 5081K, committed 5312K, reserved 1048576K
}

